c:\users\haiapple.com\desktop\gameproject\aladingame\aladingame\debug\vc141.pdb
c:\users\haiapple.com\desktop\gameproject\aladingame\aladingame\debug\vc141.idb
c:\users\haiapple.com\desktop\gameproject\aladingame\aladingame\debug\winmain.obj
c:\users\haiapple.com\desktop\gameproject\aladingame\aladingame\debug\text.obj
c:\users\haiapple.com\desktop\gameproject\aladingame\aladingame\debug\sprite.obj
c:\users\haiapple.com\desktop\gameproject\aladingame\aladingame\debug\scene.obj
c:\users\haiapple.com\desktop\gameproject\aladingame\aladingame\debug\objectmanager.obj
c:\users\haiapple.com\desktop\gameproject\aladingame\aladingame\debug\object.obj
c:\users\haiapple.com\desktop\gameproject\aladingame\aladingame\debug\mouse.obj
c:\users\haiapple.com\desktop\gameproject\aladingame\aladingame\debug\keyboard.obj
c:\users\haiapple.com\desktop\gameproject\aladingame\aladingame\debug\graphic.obj
c:\users\haiapple.com\desktop\gameproject\aladingame\aladingame\debug\game.obj
c:\users\haiapple.com\desktop\gameproject\aladingame\aladingame\debug\collision.obj
c:\users\haiapple.com\desktop\gameproject\aladingame\aladingame\debug\tinyxmlparser.obj
c:\users\haiapple.com\desktop\gameproject\aladingame\aladingame\debug\tinyxmlerror.obj
c:\users\haiapple.com\desktop\gameproject\aladingame\aladingame\debug\tinyxml.obj
c:\users\haiapple.com\desktop\gameproject\aladingame\aladingame\debug\tinystr.obj
c:\users\haiapple.com\desktop\gameproject\aladingame\aladingame\debug\spritesheet.obj
c:\users\haiapple.com\desktop\gameproject\aladingame\debug\aladingame.exe
c:\users\haiapple.com\desktop\gameproject\aladingame\debug\aladingame.ilk
c:\users\haiapple.com\desktop\gameproject\aladingame\debug\aladingame.pdb
c:\users\haiapple.com\desktop\gameproject\aladingame\aladingame\debug\aladingame.tlog\cl.command.1.tlog
c:\users\haiapple.com\desktop\gameproject\aladingame\aladingame\debug\aladingame.tlog\cl.read.1.tlog
c:\users\haiapple.com\desktop\gameproject\aladingame\aladingame\debug\aladingame.tlog\cl.write.1.tlog
c:\users\haiapple.com\desktop\gameproject\aladingame\aladingame\debug\aladingame.tlog\link.command.1.tlog
c:\users\haiapple.com\desktop\gameproject\aladingame\aladingame\debug\aladingame.tlog\link.read.1.tlog
c:\users\haiapple.com\desktop\gameproject\aladingame\aladingame\debug\aladingame.tlog\link.write.1.tlog
